<?xml version="1.0" encoding="UTF-8"?>
<testsuite name="Tests" tests="3" skipped="0" failures="0" errors="0" timestamp="2021-09-11T12:26:02" hostname="PC-RVB-2020" time="0.002">
  <properties/>
  <testcase name="testDefault" classname="Tests" time="0.001"/>
  <testcase name="testIsSleeping" classname="Tests" time="0.001"/>
  <testcase name="testParameterConstructor" classname="Tests" time="0.0"/>
  <system-out><![CDATA[]]></system-out>
  <system-err><![CDATA[]]></system-err>
</testsuite>
